android/build/intermediates/manifest_merge_blame_file/debug/processDebugMainManifest/manifest-merger-blame-debug-report.txt
1<?xml version="1.0" encoding="utf-8"?>
2<manifest xmlns:android="http://schemas.android.com/apk/res/android"
3    package="com.example.keyboard"
4    android:versionCode="1"
5    android:versionName="1.0" >
6
7    <uses-sdk
8        android:minSdkVersion="21"
9        android:targetSdkVersion="34" />
10
11    <uses-permission android:name="android.permission.VIBRATE" />
11-->src/main/AndroidManifest.xml:4:5-66
11-->src/main/AndroidManifest.xml:4:22-63
12
13    <permission
13-->[androidx.core:core:1.13.1] AndroidManifest.xml:22:5-24:47
14        android:name="com.example.keyboard.DYNAMIC_RECEIVER_NOT_EXPORTED_PERMISSION"
14-->[androidx.core:core:1.13.1] AndroidManifest.xml:23:9-81
15        android:protectionLevel="signature" />
15-->[androidx.core:core:1.13.1] AndroidManifest.xml:24:9-44
16
17    <uses-permission android:name="com.example.keyboard.DYNAMIC_RECEIVER_NOT_EXPORTED_PERMISSION" />
17-->[androidx.core:core:1.13.1] AndroidManifest.xml:26:5-97
17-->[androidx.core:core:1.13.1] AndroidManifest.xml:26:22-94
18
19    <application
19-->src/main/AndroidManifest.xml:6:5-22:19
20        android:appComponentFactory="androidx.core.app.CoreComponentFactory"
20-->[androidx.core:core:1.13.1] AndroidManifest.xml:28:18-86
21        android:debuggable="true"
22        android:extractNativeLibs="true"
23        android:label="HBoard Go"
23-->src/main/AndroidManifest.xml:7:9-34
24        android:theme="@android:style/Theme.NoTitleBar" >
24-->src/main/AndroidManifest.xml:8:9-56
25        <service
25-->src/main/AndroidManifest.xml:10:9-21:19
26            android:name="com.example.keyboard.MyKeyboardService"
26-->src/main/AndroidManifest.xml:11:13-46
27            android:exported="true"
27-->src/main/AndroidManifest.xml:14:13-36
28            android:label="HBoard Go"
28-->src/main/AndroidManifest.xml:12:13-38
29            android:permission="android.permission.BIND_INPUT_METHOD" >
29-->src/main/AndroidManifest.xml:13:13-70
30            <intent-filter>
30-->src/main/AndroidManifest.xml:15:13-17:29
31                <action android:name="android.view.InputMethod" />
31-->src/main/AndroidManifest.xml:16:17-67
31-->src/main/AndroidManifest.xml:16:25-64
32            </intent-filter>
33
34            <meta-data
34-->src/main/AndroidManifest.xml:18:13-20:50
35                android:name="android.view.im"
35-->src/main/AndroidManifest.xml:19:17-47
36                android:resource="@xml/method" />
36-->src/main/AndroidManifest.xml:20:17-47
37        </service>
38
39        <provider
39-->[androidx.profileinstaller:profileinstaller:1.3.0] AndroidManifest.xml:24:9-32:20
40            android:name="androidx.startup.InitializationProvider"
40-->[androidx.profileinstaller:profileinstaller:1.3.0] AndroidManifest.xml:25:13-67
41            android:authorities="com.example.keyboard.androidx-startup"
41-->[androidx.profileinstaller:profileinstaller:1.3.0] AndroidManifest.xml:26:13-68
42            android:exported="false" >
42-->[androidx.profileinstaller:profileinstaller:1.3.0] AndroidManifest.xml:27:13-37
43            <meta-data
43-->[androidx.profileinstaller:profileinstaller:1.3.0] AndroidManifest.xml:29:13-31:52
44                android:name="androidx.profileinstaller.ProfileInstallerInitializer"
44-->[androidx.profileinstaller:profileinstaller:1.3.0] AndroidManifest.xml:30:17-85
45                android:value="androidx.startup" />
45-->[androidx.profileinstaller:profileinstaller:1.3.0] AndroidManifest.xml:31:17-49
46        </provider>
47
48        <receiver
48-->[androidx.profileinstaller:profileinstaller:1.3.0] AndroidManifest.xml:34:9-52:20
49            android:name="androidx.profileinstaller.ProfileInstallReceiver"
49-->[androidx.profileinstaller:profileinstaller:1.3.0] AndroidManifest.xml:35:13-76
50            android:directBootAware="false"
50-->[androidx.profileinstaller:profileinstaller:1.3.0] AndroidManifest.xml:36:13-44
51            android:enabled="true"
51-->[androidx.profileinstaller:profileinstaller:1.3.0] AndroidManifest.xml:37:13-35
52            android:exported="true"
52-->[androidx.profileinstaller:profileinstaller:1.3.0] AndroidManifest.xml:38:13-36
53            android:permission="android.permission.DUMP" >
53-->[androidx.profileinstaller:profileinstaller:1.3.0] AndroidManifest.xml:39:13-57
54            <intent-filter>
54-->[androidx.profileinstaller:profileinstaller:1.3.0] AndroidManifest.xml:40:13-42:29
55                <action android:name="androidx.profileinstaller.action.INSTALL_PROFILE" />
55-->[androidx.profileinstaller:profileinstaller:1.3.0] AndroidManifest.xml:41:17-91
55-->[androidx.profileinstaller:profileinstaller:1.3.0] AndroidManifest.xml:41:25-88
56            </intent-filter>
57            <intent-filter>
57-->[androidx.profileinstaller:profileinstaller:1.3.0] AndroidManifest.xml:43:13-45:29
58                <action android:name="androidx.profileinstaller.action.SKIP_FILE" />
58-->[androidx.profileinstaller:profileinstaller:1.3.0] AndroidManifest.xml:44:17-85
58-->[androidx.profileinstaller:profileinstaller:1.3.0] AndroidManifest.xml:44:25-82
59            </intent-filter>
60            <intent-filter>
60-->[androidx.profileinstaller:profileinstaller:1.3.0] AndroidManifest.xml:46:13-48:29
61                <action android:name="androidx.profileinstaller.action.SAVE_PROFILE" />
61-->[androidx.profileinstaller:profileinstaller:1.3.0] AndroidManifest.xml:47:17-88
61-->[androidx.profileinstaller:profileinstaller:1.3.0] AndroidManifest.xml:47:25-85
62            </intent-filter>
63            <intent-filter>
63-->[androidx.profileinstaller:profileinstaller:1.3.0] AndroidManifest.xml:49:13-51:29
64                <action android:name="androidx.profileinstaller.action.BENCHMARK_OPERATION" />
64-->[androidx.profileinstaller:profileinstaller:1.3.0] AndroidManifest.xml:50:17-95
64-->[androidx.profileinstaller:profileinstaller:1.3.0] AndroidManifest.xml:50:25-92
65            </intent-filter>
66        </receiver>
67    </application>
68
69</manifest>